c:\users\mike yabz\documents\comp371\assignment 2\build\debug\vc142.pdb
c:\users\mike yabz\documents\comp371\assignment 2\build\debug\vc142.idb
c:\users\mike yabz\documents\comp371\assignment 2\build\debug\world.obj
c:\users\mike yabz\documents\comp371\assignment 2\build\debug\textureloader.obj
c:\users\mike yabz\documents\comp371\assignment 2\build\debug\staticcamera.obj
c:\users\mike yabz\documents\comp371\assignment 2\build\debug\spheremodel.obj
c:\users\mike yabz\documents\comp371\assignment 2\build\debug\renderer.obj
c:\users\mike yabz\documents\comp371\assignment 2\build\debug\particlesystem.obj
c:\users\mike yabz\documents\comp371\assignment 2\build\debug\particleemitter.obj
c:\users\mike yabz\documents\comp371\assignment 2\build\debug\particledescriptor.obj
c:\users\mike yabz\documents\comp371\assignment 2\build\debug\model.obj
c:\users\mike yabz\documents\comp371\assignment 2\build\debug\main.obj
c:\users\mike yabz\documents\comp371\assignment 2\build\debug\firstpersoncamera.obj
c:\users\mike yabz\documents\comp371\assignment 2\build\debug\eventmanager.obj
c:\users\mike yabz\documents\comp371\assignment 2\build\debug\cubemodel.obj
c:\users\mike yabz\documents\comp371\assignment 2\build\debug\camera.obj
c:\users\mike yabz\documents\comp371\assignment 2\build\debug\billboard.obj
c:\users\mike yabz\documents\comp371\assignment 2\build\debug\animation.obj
c:\users\mike yabz\documents\comp371\assignment 2\bin\assignment2-debug.exe
c:\users\mike yabz\documents\comp371\assignment 2\bin\assignment2-debug.ilk
c:\users\mike yabz\documents\comp371\assignment 2\bin\assignment2-debug.pdb
c:\users\mike yabz\documents\comp371\assignment 2\vs2017\/../bin/assignment2-debug.pdb
c:\users\mike yabz\documents\comp371\assignment 2\vs2017\/../bin/assignment2-debug.exe
c:\users\mike yabz\documents\comp371\assignment 2\vs2017\/../bin/assignment2-debug.ilk
c:\users\mike yabz\documents\comp371\assignment 2\build\debug\assignment2.tlog\cl.command.1.tlog
c:\users\mike yabz\documents\comp371\assignment 2\build\debug\assignment2.tlog\cl.read.1.tlog
c:\users\mike yabz\documents\comp371\assignment 2\build\debug\assignment2.tlog\cl.write.1.tlog
c:\users\mike yabz\documents\comp371\assignment 2\build\debug\assignment2.tlog\link.command.1.tlog
c:\users\mike yabz\documents\comp371\assignment 2\build\debug\assignment2.tlog\link.read.1.tlog
c:\users\mike yabz\documents\comp371\assignment 2\build\debug\assignment2.tlog\link.write.1.tlog
