C:\Program Files (x86)\Microsoft Visual Studio\2019\Community\MSBuild\Microsoft\VC\v160\Microsoft.CppBuild.targets(452,5): warning MSB8028: The intermediate directory (C:\Users\Mike Yabz\Desktop\Assignment 2\VS2017\/../Build/Debug/) contains files shared from another project (Assignment1.vcxproj).  This can lead to incorrect clean and rebuild behavior.
  Animation.cpp
  Billboard.cpp
  Camera.cpp
  CubeModel.cpp
  EventManager.cpp
  FirstPersonCamera.cpp
  main.cpp
  Model.cpp
  ParticleDescriptor.cpp
  ParticleEmitter.cpp
  ParticleSystem.cpp
  Renderer.cpp
  SphereModel.cpp
  StaticCamera.cpp
  TextureLoader.cpp
  World.cpp
  Generating Code...
LINK : warning LNK4098: defaultlib 'LIBCMT' conflicts with use of other libs; use /NODEFAULTLIB:library
LINK : warning LNK4098: defaultlib 'MSVCRT' conflicts with use of other libs; use /NODEFAULTLIB:library
glew32s.lib(glew.obj) : warning LNK4099: PDB '㧀硳䁰硱Ϭ' was not found with 'glew32s.lib(glew.obj)' or at '㧀硳䁰硱Ϭ'; linking object as if no debug info
  Assignment2.vcxproj -> C:\Users\Mike Yabz\Desktop\Assignment 2\VS2017\/../Bin/Assignment2-Debug.exe
