  Animation.cpp
  Billboard.cpp
  Camera.cpp
  CubeModel.cpp
  EventManager.cpp
  FirstPersonCamera.cpp
  main.cpp
  Model.cpp
  ParticleDescriptor.cpp
  ParticleEmitter.cpp
  ParticleSystem.cpp
C:\Users\Mike Yabz\Documents\COMP371\Assignment 2\Source\ParticleSystem.cpp(129,92): warning C4305:  'argument': truncation from 'double' to 'float'
C:\Users\Mike Yabz\Documents\COMP371\Assignment 2\Source\ParticleSystem.cpp(129,132): warning C4305:  'argument': truncation from 'double' to 'float'
  Renderer.cpp
  SphereModel.cpp
  StaticCamera.cpp
  TextureLoader.cpp
  World.cpp
  Generating Code...
C:\Users\Mike Yabz\Documents\COMP371\Assignment 2\Source\ParticleSystem.cpp(129,172): warning C4305:  'argument': truncation from 'double' to 'float'
LINK : warning LNK4098: defaultlib 'LIBCMT' conflicts with use of other libs; use /NODEFAULTLIB:library
LINK : warning LNK4098: defaultlib 'MSVCRT' conflicts with use of other libs; use /NODEFAULTLIB:library
glew32s.lib(glew.obj) : warning LNK4099: PDB '㧀硷䁰硵Ͳ' was not found with 'glew32s.lib(glew.obj)' or at '㧀硷䁰硵Ͳ'; linking object as if no debug info
  Assignment1.vcxproj -> C:\Users\Mike Yabz\Documents\COMP371\Assignment 2\VS2017\/../Bin/Assignment1-Debug.exe
