c:\users\mike yabz\desktop\assignment 1\build\debug\vc142.pdb
c:\users\mike yabz\desktop\assignment 1\build\debug\vc142.idb
c:\users\mike yabz\desktop\assignment 1\build\debug\world.obj
c:\users\mike yabz\desktop\assignment 1\build\debug\staticcamera.obj
c:\users\mike yabz\desktop\assignment 1\build\debug\spheremodel.obj
c:\users\mike yabz\desktop\assignment 1\build\debug\renderer.obj
c:\users\mike yabz\desktop\assignment 1\build\debug\model.obj
c:\users\mike yabz\desktop\assignment 1\build\debug\main.obj
c:\users\mike yabz\desktop\assignment 1\build\debug\firstpersoncamera.obj
c:\users\mike yabz\desktop\assignment 1\build\debug\eventmanager.obj
c:\users\mike yabz\desktop\assignment 1\build\debug\cubemodel.obj
c:\users\mike yabz\desktop\assignment 1\build\debug\camera.obj
c:\users\mike yabz\desktop\assignment 1\build\debug\animation.obj
c:\users\mike yabz\desktop\assignment 1\bin\assignment1-debug.ilk
c:\users\mike yabz\desktop\assignment 1\bin\assignment1-debug.exe
c:\users\mike yabz\desktop\assignment 1\bin\assignment1-debug.pdb
c:\users\mike yabz\desktop\assignment 1\vs2017\/../bin/assignment1-debug.pdb
c:\users\mike yabz\desktop\assignment 1\vs2017\/../bin/assignment1-debug.exe
c:\users\mike yabz\desktop\assignment 1\vs2017\/../bin/assignment1-debug.ilk
c:\users\mike yabz\desktop\assignment 1\build\debug\assignment1.tlog\cl.command.1.tlog
c:\users\mike yabz\desktop\assignment 1\build\debug\assignment1.tlog\cl.read.1.tlog
c:\users\mike yabz\desktop\assignment 1\build\debug\assignment1.tlog\cl.write.1.tlog
c:\users\mike yabz\desktop\assignment 1\build\debug\assignment1.tlog\link.command.1.tlog
c:\users\mike yabz\desktop\assignment 1\build\debug\assignment1.tlog\link.read.1.tlog
c:\users\mike yabz\desktop\assignment 1\build\debug\assignment1.tlog\link.write.1.tlog
